Configuring blaze-textual-0.2.1.0...
Building blaze-textual-0.2.1.0...
Preprocessing library blaze-textual-0.2.1.0...
[1 of 4] Compiling Blaze.Text.Int   ( Blaze/Text/Int.hs, dist/dist-sandbox-6d268ff1/build/Blaze/Text/Int.o )

Blaze/Text/Int.hs:23:1: Warning:
    The import of ‘Data.Monoid’ is redundant
      except perhaps to import instances from ‘Data.Monoid’
    To import instances alone, use: import Data.Monoid()

Blaze/Text/Int.hs:24:1: Warning:
    The import of ‘Word’ from module ‘Data.Word’ is redundant

Blaze/Text/Int.hs:26:1: Warning:
    The import of ‘GHC.Num’ is redundant
      except perhaps to import instances from ‘GHC.Num’
    To import instances alone, use: import GHC.Num()
[2 of 4] Compiling Blaze.Text.Double.Native ( Blaze/Text/Double/Native.hs, dist/dist-sandbox-6d268ff1/build/Blaze/Text/Double/Native.o )

Blaze/Text/Double/Native.hs:22:1: Warning:
    The import of ‘Data.Monoid’ is redundant
      except perhaps to import instances from ‘Data.Monoid’
    To import instances alone, use: import Data.Monoid()
[3 of 4] Compiling Blaze.Text.Double ( Blaze/Text/Double.hs, dist/dist-sandbox-6d268ff1/build/Blaze/Text/Double.o )
[4 of 4] Compiling Blaze.Text       ( Blaze/Text.hs, dist/dist-sandbox-6d268ff1/build/Blaze/Text.o )
In-place registering blaze-textual-0.2.1.0...
Creating package registration file:
/var/folders/lb/0f5sn8jd3x12sd6zps_gkxd80000gn/T/pkgConf-blaze-textual-0.2.1173958028987333029.0
Installing library in
/Users/brett/workspace/scottyFun/.cabal-sandbox/lib/x86_64-osx-ghc-7.10.2/blaze-textual-0.2.1.0-IBdhHghTM5N2jyDMObhoRb
Registering blaze-textual-0.2.1.0...
