Configuring http2-1.0.4...
Building http2-1.0.4...
Preprocessing library http2-1.0.4...
[ 1 of 31] Compiling Network.HPACK.HeaderBlock.Integer ( Network/HPACK/HeaderBlock/Integer.hs, dist/dist-sandbox-6d268ff1/build/Network/HPACK/HeaderBlock/Integer.o )
[ 2 of 31] Compiling Network.HPACK.Huffman.Params ( Network/HPACK/Huffman/Params.hs, dist/dist-sandbox-6d268ff1/build/Network/HPACK/Huffman/Params.o )
[ 3 of 31] Compiling Network.HPACK.Huffman.ByteString ( Network/HPACK/Huffman/ByteString.hs, dist/dist-sandbox-6d268ff1/build/Network/HPACK/Huffman/ByteString.o )
[ 4 of 31] Compiling Network.HPACK.Huffman.Bit ( Network/HPACK/Huffman/Bit.hs, dist/dist-sandbox-6d268ff1/build/Network/HPACK/Huffman/Bit.o )
[ 5 of 31] Compiling Network.HPACK.Huffman.Table ( Network/HPACK/Huffman/Table.hs, dist/dist-sandbox-6d268ff1/build/Network/HPACK/Huffman/Table.o )
[ 6 of 31] Compiling Network.HPACK.Huffman.Tree ( Network/HPACK/Huffman/Tree.hs, dist/dist-sandbox-6d268ff1/build/Network/HPACK/Huffman/Tree.o )
[ 7 of 31] Compiling Network.HPACK.Huffman.Encode ( Network/HPACK/Huffman/Encode.hs, dist/dist-sandbox-6d268ff1/build/Network/HPACK/Huffman/Encode.o )
[ 8 of 31] Compiling Network.HPACK.Builder.Word8 ( Network/HPACK/Builder/Word8.hs, dist/dist-sandbox-6d268ff1/build/Network/HPACK/Builder/Word8.o )
[ 9 of 31] Compiling Network.HPACK.Builder ( Network/HPACK/Builder.hs, dist/dist-sandbox-6d268ff1/build/Network/HPACK/Builder.o )
[10 of 31] Compiling Network.HTTP2.Types ( Network/HTTP2/Types.hs, dist/dist-sandbox-6d268ff1/build/Network/HTTP2/Types.o )
[11 of 31] Compiling Network.HTTP2.RandomSkewHeap ( Network/HTTP2/RandomSkewHeap.hs, dist/dist-sandbox-6d268ff1/build/Network/HTTP2/RandomSkewHeap.o )

Network/HTTP2/RandomSkewHeap.hs:74:1: Warning:
    Defined but not used: ‘main’

Network/HTTP2/RandomSkewHeap.hs:74:1: Warning:
    Top-level binding with no type signature: main :: IO ()

Network/HTTP2/RandomSkewHeap.hs:76:5: Warning:
    Defaulting the following constraint(s) to type ‘Integer’
      (Eq a0)
        arising from a use of ‘loop’
        at Network/HTTP2/RandomSkewHeap.hs:76:5-8
      (Num a0)
        arising from a use of ‘loop’
        at Network/HTTP2/RandomSkewHeap.hs:76:5-8
    In a stmt of a 'do' block: loop 1000 q
    In the expression:
      do { let q = insert "c" 1 $ insert "b" 101 $ insert "a" 201 empty;
           loop 1000 q }
    In an equation for ‘main’:
        main
          = do { let q = ...;
                 loop 1000 q }
          where
              loop 0 _ = return ()
              loop n q = do { ... }
[12 of 31] Compiling Network.HTTP2.Priority ( Network/HTTP2/Priority.hs, dist/dist-sandbox-6d268ff1/build/Network/HTTP2/Priority.o )
[13 of 31] Compiling Network.HTTP2.Encode ( Network/HTTP2/Encode.hs, dist/dist-sandbox-6d268ff1/build/Network/HTTP2/Encode.o )
[14 of 31] Compiling Network.HTTP2.Decode ( Network/HTTP2/Decode.hs, dist/dist-sandbox-6d268ff1/build/Network/HTTP2/Decode.o )
[15 of 31] Compiling Network.HTTP2    ( Network/HTTP2.hs, dist/dist-sandbox-6d268ff1/build/Network/HTTP2.o )
[16 of 31] Compiling Network.HPACK.Types ( Network/HPACK/Types.hs, dist/dist-sandbox-6d268ff1/build/Network/HPACK/Types.o )
[17 of 31] Compiling Network.HPACK.Huffman.Decode ( Network/HPACK/Huffman/Decode.hs, dist/dist-sandbox-6d268ff1/build/Network/HPACK/Huffman/Decode.o )
[18 of 31] Compiling Network.HPACK.Huffman ( Network/HPACK/Huffman.hs, dist/dist-sandbox-6d268ff1/build/Network/HPACK/Huffman.o )
[19 of 31] Compiling Network.HPACK.HeaderBlock.HeaderField ( Network/HPACK/HeaderBlock/HeaderField.hs, dist/dist-sandbox-6d268ff1/build/Network/HPACK/HeaderBlock/HeaderField.o )
[20 of 31] Compiling Network.HPACK.HeaderBlock.String ( Network/HPACK/HeaderBlock/String.hs, dist/dist-sandbox-6d268ff1/build/Network/HPACK/HeaderBlock/String.o )
[21 of 31] Compiling Network.HPACK.HeaderBlock.Decode ( Network/HPACK/HeaderBlock/Decode.hs, dist/dist-sandbox-6d268ff1/build/Network/HPACK/HeaderBlock/Decode.o )
[22 of 31] Compiling Network.HPACK.HeaderBlock.Encode ( Network/HPACK/HeaderBlock/Encode.hs, dist/dist-sandbox-6d268ff1/build/Network/HPACK/HeaderBlock/Encode.o )
[23 of 31] Compiling Network.HPACK.Table.Entry ( Network/HPACK/Table/Entry.hs, dist/dist-sandbox-6d268ff1/build/Network/HPACK/Table/Entry.o )
[24 of 31] Compiling Network.HPACK.Table.DoubleHashMap ( Network/HPACK/Table/DoubleHashMap.hs, dist/dist-sandbox-6d268ff1/build/Network/HPACK/Table/DoubleHashMap.o )
[25 of 31] Compiling Network.HPACK.Table.Static ( Network/HPACK/Table/Static.hs, dist/dist-sandbox-6d268ff1/build/Network/HPACK/Table/Static.o )
[26 of 31] Compiling Network.HPACK.Table.Dynamic ( Network/HPACK/Table/Dynamic.hs, dist/dist-sandbox-6d268ff1/build/Network/HPACK/Table/Dynamic.o )
[27 of 31] Compiling Network.HPACK.Table ( Network/HPACK/Table.hs, dist/dist-sandbox-6d268ff1/build/Network/HPACK/Table.o )
[28 of 31] Compiling Network.HPACK.HeaderBlock.From ( Network/HPACK/HeaderBlock/From.hs, dist/dist-sandbox-6d268ff1/build/Network/HPACK/HeaderBlock/From.o )
[29 of 31] Compiling Network.HPACK.HeaderBlock.To ( Network/HPACK/HeaderBlock/To.hs, dist/dist-sandbox-6d268ff1/build/Network/HPACK/HeaderBlock/To.o )
[30 of 31] Compiling Network.HPACK.HeaderBlock ( Network/HPACK/HeaderBlock.hs, dist/dist-sandbox-6d268ff1/build/Network/HPACK/HeaderBlock.o )
[31 of 31] Compiling Network.HPACK    ( Network/HPACK.hs, dist/dist-sandbox-6d268ff1/build/Network/HPACK.o )
In-place registering http2-1.0.4...
Creating package registration file:
/var/folders/lb/0f5sn8jd3x12sd6zps_gkxd80000gn/T/pkgConf-http2-1.014834229031751072698.4
Installing library in
/Users/brett/workspace/scottyFun/.cabal-sandbox/lib/x86_64-osx-ghc-7.10.2/http2-1.0.4-FsSPrClP6RaIhdqr477CDD
Registering http2-1.0.4...
