Configuring persistent-template-2.1.3.4...
Building persistent-template-2.1.3.4...
Preprocessing library persistent-template-2.1.3.4...

Database/Persist/TH.hs:12:14: Warning:
    -XOverlappingInstances is deprecated: instead use per-instance pragmas OVERLAPPING/OVERLAPPABLE/OVERLAPS
[1 of 1] Compiling Database.Persist.TH ( Database/Persist/TH.hs, dist/dist-sandbox-6d268ff1/build/Database/Persist/TH.o )

Database/Persist/TH.hs:62:1: Warning:
    The import of ‘Data.Monoid’ is redundant
      except perhaps to import instances from ‘Data.Monoid’
    To import instances alone, use: import Data.Monoid()

Database/Persist/TH.hs:71:1: Warning:
    The import of ‘Control.Applicative’ is redundant
      except perhaps to import instances from ‘Control.Applicative’
    To import instances alone, use: import Control.Applicative()

Database/Persist/TH.hs:235:26: Warning: Defined but not used: ‘x’

Database/Persist/TH.hs:267:22: Warning:
    This binding for ‘ent’ shadows the existing binding
      bound at Database/Persist/TH.hs:247:41
In-place registering persistent-template-2.1.3.4...
Creating package registration file:
/var/folders/lb/0f5sn8jd3x12sd6zps_gkxd80000gn/T/pkgConf-persistent-template-2.1.314841827621637121029.4
Installing library in
/Users/brett/workspace/scottyFun/.cabal-sandbox/lib/x86_64-osx-ghc-7.10.2/persistent-template-2.1.3.4-I4jiOUnjDUv4cfwMDinzCY
Registering persistent-template-2.1.3.4...
