Configuring resource-pool-0.2.3.2...
Building resource-pool-0.2.3.2...
Preprocessing library resource-pool-0.2.3.2...

Data/Pool.hs:163:65:
     warning: \u used with no following hex digits; treating as '\' followed by identifier [-Wunicode]
      reaperId <- forkIOLabeledWithUnmask "resource-pool: reaper" $ \unmask ->
                                                                    ^

Data/Pool.hs:198:62:
     warning: \u used with no following hex digits; treating as '\' followed by identifier [-Wunicode]
forkIOLabeledWithUnmask label m = mask_ $ forkIOWithUnmask $ \unmask -> do
                                                             ^
2 warnings generated.
[1 of 1] Compiling Data.Pool        ( Data/Pool.hs, dist/dist-sandbox-6d268ff1/build/Data/Pool.o )

Data/Pool.hs:44:1: Warning:
    The import of ‘Control.Applicative’ is redundant
      except perhaps to import instances from ‘Control.Applicative’
    To import instances alone, use: import Control.Applicative()
In-place registering resource-pool-0.2.3.2...
Creating package registration file:
/var/folders/lb/0f5sn8jd3x12sd6zps_gkxd80000gn/T/pkgConf-resource-pool-0.2.310551512406933754.2
Installing library in
/Users/brett/workspace/scottyFun/.cabal-sandbox/lib/x86_64-osx-ghc-7.10.2/resource-pool-0.2.3.2-1ZYpBcIpfQ60QHhvCqAnqx
Registering resource-pool-0.2.3.2...
