Configuring unordered-containers-0.2.5.1...
Building unordered-containers-0.2.5.1...
Preprocessing library unordered-containers-0.2.5.1...
[1 of 8] Compiling Data.HashMap.UnsafeShift ( Data/HashMap/UnsafeShift.hs, dist/dist-sandbox-6d268ff1/build/Data/HashMap/UnsafeShift.o )
[2 of 8] Compiling Data.HashMap.PopCount ( Data/HashMap/PopCount.hs, dist/dist-sandbox-6d268ff1/build/Data/HashMap/PopCount.o )
[3 of 8] Compiling Data.HashMap.Unsafe ( Data/HashMap/Unsafe.hs, dist/dist-sandbox-6d268ff1/build/Data/HashMap/Unsafe.o )
[4 of 8] Compiling Data.HashMap.Array ( Data/HashMap/Array.hs, dist/dist-sandbox-6d268ff1/build/Data/HashMap/Array.o )
[5 of 8] Compiling Data.HashMap.Base ( Data/HashMap/Base.hs, dist/dist-sandbox-6d268ff1/build/Data/HashMap/Base.o )

Data/HashMap/Base.hs:85:1: Warning:
    The import of ‘Data.Functor’ is redundant
      except perhaps to import instances from ‘Data.Functor’
    To import instances alone, use: import Data.Functor()
[6 of 8] Compiling Data.HashMap.Strict ( Data/HashMap/Strict.hs, dist/dist-sandbox-6d268ff1/build/Data/HashMap/Strict.o )
[7 of 8] Compiling Data.HashMap.Lazy ( Data/HashMap/Lazy.hs, dist/dist-sandbox-6d268ff1/build/Data/HashMap/Lazy.o )
[8 of 8] Compiling Data.HashSet     ( Data/HashSet.hs, dist/dist-sandbox-6d268ff1/build/Data/HashSet.o )
In-place registering unordered-containers-0.2.5.1...
Creating package registration file:
/var/folders/lb/0f5sn8jd3x12sd6zps_gkxd80000gn/T/pkgConf-unordered-containers-0.2.55252449101633413200.1
Installing library in
/Users/brett/workspace/scottyFun/.cabal-sandbox/lib/x86_64-osx-ghc-7.10.2/unordered-containers-0.2.5.1-7E41cj9RvqSJeZ4jSnbs1a
Registering unordered-containers-0.2.5.1...
