Configuring uuid-1.3.11...
Building uuid-1.3.11...
Preprocessing library uuid-1.3.11...
[1 of 8] Compiling Data.UUID.Named  ( Data/UUID/Named.hs, dist/dist-sandbox-6d268ff1/build/Data/UUID/Named.o )

Data/UUID/Named.hs:31:1: Warning:
    The import of ‘Control.Applicative’ is redundant
      except perhaps to import instances from ‘Control.Applicative’
    To import instances alone, use: import Control.Applicative()
[2 of 8] Compiling Data.UUID.V5     ( Data/UUID/V5.hs, dist/dist-sandbox-6d268ff1/build/Data/UUID/V5.o )
[3 of 8] Compiling Data.UUID.V3     ( Data/UUID/V3.hs, dist/dist-sandbox-6d268ff1/build/Data/UUID/V3.o )
[4 of 8] Compiling Data.UUID.V1     ( Data/UUID/V1.hs, dist/dist-sandbox-6d268ff1/build/Data/UUID/V1.o )

Data/UUID/V1.hs:34:1: Warning:
    The import of ‘Control.Applicative’ is redundant
      except perhaps to import instances from ‘Control.Applicative’
    To import instances alone, use: import Control.Applicative()
[5 of 8] Compiling Data.Word.Util   ( Data/Word/Util.hs, dist/dist-sandbox-6d268ff1/build/Data/Word/Util.o )
[6 of 8] Compiling Data.UUID.Util   ( Data/UUID/Util.hs, dist/dist-sandbox-6d268ff1/build/Data/UUID/Util.o )
[7 of 8] Compiling Data.UUID        ( Data/UUID.hs, dist/dist-sandbox-6d268ff1/build/Data/UUID.o )
[8 of 8] Compiling Data.UUID.V4     ( Data/UUID/V4.hs, dist/dist-sandbox-6d268ff1/build/Data/UUID/V4.o )
In-place registering uuid-1.3.11...
Creating package registration file:
/var/folders/lb/0f5sn8jd3x12sd6zps_gkxd80000gn/T/pkgConf-uuid-1.3482756891501848671.11
Installing library in
/Users/brett/workspace/scottyFun/.cabal-sandbox/lib/x86_64-osx-ghc-7.10.2/uuid-1.3.11-0M2UV4rDPj15miax4AiRw2
Registering uuid-1.3.11...
