Configuring vector-0.11.0.0...
Building vector-0.11.0.0...
Preprocessing library vector-0.11.0.0...
[ 1 of 21] Compiling Data.Vector.Storable.Internal ( Data/Vector/Storable/Internal.hs, dist/dist-sandbox-6d268ff1/build/Data/Vector/Storable/Internal.o )
[ 2 of 21] Compiling Data.Vector.Generic.Mutable.Base ( Data/Vector/Generic/Mutable/Base.hs, dist/dist-sandbox-6d268ff1/build/Data/Vector/Generic/Mutable/Base.o )
[ 3 of 21] Compiling Data.Vector.Generic.Base ( Data/Vector/Generic/Base.hs, dist/dist-sandbox-6d268ff1/build/Data/Vector/Generic/Base.o )
[ 4 of 21] Compiling Data.Vector.Fusion.Util ( Data/Vector/Fusion/Util.hs, dist/dist-sandbox-6d268ff1/build/Data/Vector/Fusion/Util.o )

Data/Vector/Fusion/Util.hs:19:1: Warning:
    The import of ‘Control.Applicative’ is redundant
      except perhaps to import instances from ‘Control.Applicative’
    To import instances alone, use: import Control.Applicative()
[ 5 of 21] Compiling Data.Vector.Fusion.Bundle.Size ( Data/Vector/Fusion/Bundle/Size.hs, dist/dist-sandbox-6d268ff1/build/Data/Vector/Fusion/Bundle/Size.o )
[ 6 of 21] Compiling Data.Vector.Internal.Check ( Data/Vector/Internal/Check.hs, dist/dist-sandbox-6d268ff1/build/Data/Vector/Internal/Check.o )
[ 7 of 21] Compiling Data.Vector.Fusion.Stream.Monadic ( Data/Vector/Fusion/Stream/Monadic.hs, dist/dist-sandbox-6d268ff1/build/Data/Vector/Fusion/Stream/Monadic.o )

Data/Vector/Fusion/Stream/Monadic.hs:93:1: Warning:
    The import of ‘Word’ from module ‘Data.Word’ is redundant
[ 8 of 21] Compiling Data.Vector.Fusion.Bundle.Monadic ( Data/Vector/Fusion/Bundle/Monadic.hs, dist/dist-sandbox-6d268ff1/build/Data/Vector/Fusion/Bundle/Monadic.o )

Data/Vector/Fusion/Bundle/Monadic.hs:105:1: Warning:
    The import of ‘Word’ from module ‘Data.Word’ is redundant
[ 9 of 21] Compiling Data.Vector.Fusion.Bundle ( Data/Vector/Fusion/Bundle.hs, dist/dist-sandbox-6d268ff1/build/Data/Vector/Fusion/Bundle.o )

Data/Vector/Fusion/Bundle.hs:114:1: Warning: Tab character
[10 of 21] Compiling Data.Vector.Generic.Mutable ( Data/Vector/Generic/Mutable.hs, dist/dist-sandbox-6d268ff1/build/Data/Vector/Generic/Mutable.o )
[11 of 21] Compiling Data.Vector.Generic.New ( Data/Vector/Generic/New.hs, dist/dist-sandbox-6d268ff1/build/Data/Vector/Generic/New.o )
[12 of 21] Compiling Data.Vector.Generic ( Data/Vector/Generic.hs, dist/dist-sandbox-6d268ff1/build/Data/Vector/Generic.o )
[13 of 21] Compiling Data.Vector.Primitive.Mutable ( Data/Vector/Primitive/Mutable.hs, dist/dist-sandbox-6d268ff1/build/Data/Vector/Primitive/Mutable.o )
[14 of 21] Compiling Data.Vector.Primitive ( Data/Vector/Primitive.hs, dist/dist-sandbox-6d268ff1/build/Data/Vector/Primitive.o )

Data/Vector/Primitive.hs:167:1: Warning:
    The import of ‘Data.Monoid’ is redundant
      except perhaps to import instances from ‘Data.Monoid’
    To import instances alone, use: import Data.Monoid()
[15 of 21] Compiling Data.Vector.Storable.Mutable ( Data/Vector/Storable/Mutable.hs, dist/dist-sandbox-6d268ff1/build/Data/Vector/Storable/Mutable.o )
[16 of 21] Compiling Data.Vector.Storable ( Data/Vector/Storable.hs, dist/dist-sandbox-6d268ff1/build/Data/Vector/Storable.o )

Data/Vector/Storable.hs:172:1: Warning:
    The import of ‘Data.Monoid’ is redundant
      except perhaps to import instances from ‘Data.Monoid’
    To import instances alone, use: import Data.Monoid()
[17 of 21] Compiling Data.Vector.Unboxed.Base ( Data/Vector/Unboxed/Base.hs, dist/dist-sandbox-6d268ff1/build/Data/Vector/Unboxed/Base.o )

Data/Vector/Unboxed/Base.hs:33:1: Warning:
    The import of ‘Word’ from module ‘Data.Word’ is redundant
[18 of 21] Compiling Data.Vector.Unboxed ( Data/Vector/Unboxed.hs, dist/dist-sandbox-6d268ff1/build/Data/Vector/Unboxed.o )

Data/Vector/Unboxed.hs:189:1: Warning:
    The import of ‘Data.Monoid’ is redundant
      except perhaps to import instances from ‘Data.Monoid’
    To import instances alone, use: import Data.Monoid()
[19 of 21] Compiling Data.Vector.Unboxed.Mutable ( Data/Vector/Unboxed/Mutable.hs, dist/dist-sandbox-6d268ff1/build/Data/Vector/Unboxed/Mutable.o )
[20 of 21] Compiling Data.Vector.Mutable ( Data/Vector/Mutable.hs, dist/dist-sandbox-6d268ff1/build/Data/Vector/Mutable.o )
[21 of 21] Compiling Data.Vector      ( Data/Vector.hs, dist/dist-sandbox-6d268ff1/build/Data/Vector.o )

Data/Vector.hs:191:1: Warning:
    The import of ‘Data.Monoid’ is redundant
      except perhaps to import instances from ‘Data.Monoid’
    To import instances alone, use: import Data.Monoid()
In-place registering vector-0.11.0.0...
Creating package registration file:
/var/folders/lb/0f5sn8jd3x12sd6zps_gkxd80000gn/T/pkgConf-vector-0.11.01111767781225882720.0
Installing library in
/Users/brett/workspace/scottyFun/.cabal-sandbox/lib/x86_64-osx-ghc-7.10.2/vector-0.11.0.0-3jMaUrldidp1bqsrn0qsS2
Registering vector-0.11.0.0...
